[debug] [2026-03-01T18:44:55.949Z] ----------------------------------------------------------------------
[debug] [2026-03-01T18:44:55.950Z] Command:       /Users/hady/.nvm/versions/node/v20.20.0/bin/node /Users/hady/.nvm/versions/node/v20.20.0/bin/firebase deploy
[debug] [2026-03-01T18:44:55.950Z] CLI Version:   15.8.0
[debug] [2026-03-01T18:44:55.950Z] Platform:      darwin
[debug] [2026-03-01T18:44:55.950Z] Node Version:  v20.20.0
[debug] [2026-03-01T18:44:55.950Z] Time:          Sun Mar 01 2026 20:44:55 GMT+0200 (Eastern European Standard Time)
[debug] [2026-03-01T18:44:55.950Z] ----------------------------------------------------------------------
[debug] 
[debug] [2026-03-01T18:44:55.951Z] >>> [apiv2][query] GET https://firebase-public.firebaseio.com/cli.json [none]
[debug] [2026-03-01T18:44:56.511Z] > command requires scopes: ["email","openid","https://www.googleapis.com/auth/cloudplatformprojects.readonly","https://www.googleapis.com/auth/firebase","https://www.googleapis.com/auth/cloud-platform"]
[debug] [2026-03-01T18:44:56.511Z] > authorizing via signed-in user (itshadyy@gmail.com)
[debug] [2026-03-01T18:44:56.511Z] [iam] checking project springtours for permissions ["firebase.projects.get","firebasehosting.sites.update"]
[debug] [2026-03-01T18:44:56.511Z] Checked if tokens are valid: false, expires at: 1772290329346
[debug] [2026-03-01T18:44:56.512Z] Checked if tokens are valid: false, expires at: 1772290329346
[debug] [2026-03-01T18:44:56.512Z] > refreshing access token with scopes: []
[debug] [2026-03-01T18:44:56.512Z] >>> [apiv2][query] POST https://www.googleapis.com/oauth2/v3/token [none]
[debug] [2026-03-01T18:44:56.512Z] >>> [apiv2][body] POST https://www.googleapis.com/oauth2/v3/token [omitted]
[debug] [2026-03-01T18:44:56.514Z] *** [apiv2] error from fetch(https://firebase-public.firebaseio.com/cli.json, {"headers":{},"method":"GET"}): FetchError: request to https://firebase-public.firebaseio.com/cli.json failed, reason: getaddrinfo ENOTFOUND firebase-public.firebaseio.com
[warn] ⚠  Unable to fetch the CLI MOTD and remote config. This is not a fatal error, but may indicate an issue with your network connection. 
[debug] [2026-03-01T18:44:56.514Z] Failed to fetch MOTD FirebaseError: Failed to make request to https://firebase-public.firebaseio.com/cli.json
[debug] [2026-03-01T18:44:56.515Z] *** [apiv2] error from fetch(https://www.googleapis.com/oauth2/v3/token, {"headers":{},"method":"POST","body":{"_overheadLength":545,"_valueLength":212,"_valuesToMeasure":[],"writable":false,"readable":true,"dataSize":0,"maxDataSize":2097152,"pauseStreams":true,"_released":true,"_streams":[],"_currentStream":null,"_insideLoop":false,"_pendingNext":false,"_boundary":"--------------------------e2339296918d16d9dc1c4087","_events":{},"_eventsCount":1}}): FetchError: request to https://www.googleapis.com/oauth2/v3/token failed, reason: getaddrinfo ENOTFOUND www.googleapis.com
[error] Authentication Error: Your credentials are no longer valid. Please run firebase login --reauth

For CI servers and headless environments, generate a new token with firebase login:ci
[debug] [2026-03-01T18:44:56.515Z] [iam] error while checking permissions, command may fail: Authentication Error: Your credentials are no longer valid. Please run firebase login --reauth

For CI servers and headless environments, generate a new token with firebase login:ci
[debug] [2026-03-01T18:44:56.515Z] Checked if tokens are valid: false, expires at: 1772290329346
[debug] [2026-03-01T18:44:56.515Z] Checked if tokens are valid: false, expires at: 1772290329346
[debug] [2026-03-01T18:44:56.515Z] > refreshing access token with scopes: []
[debug] [2026-03-01T18:44:56.515Z] >>> [apiv2][query] POST https://www.googleapis.com/oauth2/v3/token [none]
[debug] [2026-03-01T18:44:56.515Z] >>> [apiv2][body] POST https://www.googleapis.com/oauth2/v3/token [omitted]
[debug] [2026-03-01T18:44:56.517Z] *** [apiv2] error from fetch(https://www.googleapis.com/oauth2/v3/token, {"headers":{},"method":"POST","body":{"_overheadLength":545,"_valueLength":212,"_valuesToMeasure":[],"writable":false,"readable":true,"dataSize":0,"maxDataSize":2097152,"pauseStreams":true,"_released":true,"_streams":[],"_currentStream":null,"_insideLoop":false,"_pendingNext":false,"_boundary":"--------------------------c77a51025e25c989198b4fe8","_events":{},"_eventsCount":1}}): FetchError: request to https://www.googleapis.com/oauth2/v3/token failed, reason: getaddrinfo ENOTFOUND www.googleapis.com
[error] Authentication Error: Your credentials are no longer valid. Please run firebase login --reauth

For CI servers and headless environments, generate a new token with firebase login:ci
[debug] [2026-03-01T18:44:56.517Z] Authentication Error: Your credentials are no longer valid. Please run firebase login --reauth

For CI servers and headless environments, generate a new token with firebase login:ci
[error] 
[error] Error: Assertion failed: resolving hosting target of a site with no site name or target name. This should have caused an error earlier
